Log file open, 01/13/16 11:00:34
LogInit:Display: Running engine for game: MyProject
LogInit: Version: 4.4.2-2289767+++depot+UE4-Releases+4.4
LogInit: API Version: 2255576
LogInit: Compiled (64-bit): Sep  8 2014 15:27:03
LogInit: Build Configuration: Development
LogInit: Branch Name: ++depot+UE4-Releases+4.4
LogInit: Command line:  
LogInit: Base directory: F:/Unreal Engine/4.4/Engine/Binaries/Win64/
LogInit: Rocket: 1
[2016.01.13-16.00.34:479][  0]LogTaskGraph: Started task graph with 3 named threads and 4 total threads.
[2016.01.13-16.00.34:505][  0]LogOnline:Warning: No default platform service specified for OnlineSubsystem
[2016.01.13-16.00.34:611][  0]LogInit: Presizing for 0 objects not considered by GC, pre-allocating 0 bytes.
[2016.01.13-16.00.34:617][  0]LogInit: Object subsystem initialized
[2016.01.13-16.00.34:633][  0]LogInit: Selected Device Profile: [Windows]
[2016.01.13-16.00.34:633][  0]LogInit: Applying CVar settings loaded from the selected device profile: [Windows]
[2016.01.13-16.00.34:642][  0]LogInit: Computer: MACKENZIE
[2016.01.13-16.00.34:642][  0]LogInit: User: macky000
[2016.01.13-16.00.34:671][  0]LogInit: CPU Page size=4096, Cores=4
[2016.01.13-16.00.34:671][  0]LogInit: High frequency timer resolution =2.338441 MHz
[2016.01.13-16.00.34:671][  0]LogMemory: Memory total: Physical=12.0GB (12GB approx) Virtual=131072.0GB
[2016.01.13-16.00.34:672][  0]LogMemory: Platform Memory Stats for Windows
[2016.01.13-16.00.34:672][  0]LogMemory: Process Physical Memory: 60.43 MB used, 60.43 MB peak
[2016.01.13-16.00.34:672][  0]LogMemory: Process Virtual Memory: 36.39 MB used, 36.39 MB peak
[2016.01.13-16.00.34:672][  0]LogMemory: Physical Memory: 6523.21 MB used, 12240.98 MB total
[2016.01.13-16.00.34:672][  0]LogMemory: Virtual Memory: 272.18 MB used, 134217728.00 MB total
[2016.01.13-16.00.34:715][  0]LogD3D11RHI: Found D3D11 adapter 0: NVIDIA GeForce GTX 660M (Feature Level 11_0)
[2016.01.13-16.00.34:715][  0]LogD3D11RHI: Adapter has 1985MB of dedicated video memory, 0MB of dedicated system memory, and 2048MB of shared system memory, 1 output[s]
[2016.01.13-16.00.34:717][  0]LogD3D11RHI: Found D3D11 adapter 1: Microsoft Basic Render Driver (Feature Level 11_0)
[2016.01.13-16.00.34:717][  0]LogD3D11RHI: Adapter has 0MB of dedicated video memory, 0MB of dedicated system memory, and 256MB of shared system memory, 0 output[s]
[2016.01.13-16.00.34:717][  0]LogD3D11RHI: Chosen D3D11 Adapter Id = 0
[2016.01.13-16.00.34:755][  0]LogRHI: Texture pool is 1361 MB (70% of 1945 MB)
[2016.01.13-16.00.34:765][  0]LogD3D11RHI: Async texture creation enabled
[2016.01.13-16.00.35:241][  0]LogContentStreaming: Texture pool size is 0.000000MB
[2016.01.13-16.00.37:820][  0]LogTargetPlatformManager:Display: Building Assets For Windows
[2016.01.13-16.00.38:608][  0]LogTargetPlatformManager:Display: Building Assets For Windows
[2016.01.13-16.00.38:741][  0]LogDerivedDataCache:Display: Max Cache Size: 512 MB
[2016.01.13-16.00.39:191][  0]LogDerivedDataCache: Loaded boot cache 0.41s 39MB C:/Users/macky_000/AppData/Local/UnrealEngine/4.4/DerivedDataCache/Boot.ddc.
[2016.01.13-16.00.39:191][  0]LogDerivedDataCache:Display: Loaded Boot cache: C:/Users/macky_000/AppData/Local/UnrealEngine/4.4/DerivedDataCache/Boot.ddc
[2016.01.13-16.00.39:191][  0]LogDerivedDataCache: FDerivedDataBackendGraph:  Pak pak cache file C:/Users/macky_000/Documents/ThisIsIt/MyProject/DerivedDataCache/DDC.ddp not found, will not use a pak cache.
[2016.01.13-16.00.39:191][  0]LogDerivedDataCache: Unable to find inner node Pak for hierarchical cache Hierarchy.
[2016.01.13-16.00.39:266][  0]LogDerivedDataCache:Display: Pak cache opened for reading ../../../Engine/DerivedDataCache/DDC.ddp.
[2016.01.13-16.00.39:278][  0]LogDerivedDataCache: Using Local data cache path C:/Users/macky_000/AppData/Local/UnrealEngine/4.4/DerivedDataCache: Writable
[2016.01.13-16.00.47:654][  0]LogMeshUtilities: No automatic mesh reduction module available
[2016.01.13-16.00.47:654][  0]LogMeshUtilities: No automatic mesh merging module available
[2016.01.13-16.00.51:174][  0]LogInit: WinSock: version 1.1 (2.2), MaxSocks=32767, MaxUdp=65467
[2016.01.13-16.01.02:609][  0]LogStats:Warning: MetaData mismatch. Did you assign a stat to two groups? New //STATGROUP_Threads//FMonitoredProcess///Thread_4e41c_0///////STATCAT_Advanced//// old //STATGROUP_Threads//FMonitoredProcess///Thread_4e7ac_0///////STATCAT_Advanced////
[2016.01.13-16.01.02:609][  0]UdpMessaging: Initializing bridge on interface 0.0.0.0:0 to multicast group 230.0.0.1:6666.
[2016.01.13-16.01.02:781][  0]SourceControl: Info Source control is disabled
[2016.01.13-16.01.02:794][  0]SourceControl: Info Source control is disabled
[2016.01.13-16.01.02:797][  0]SourceControl: Info Source control is disabled
[2016.01.13-16.01.04:210][  0]BlueprintLog: New page: Editor Load
[2016.01.13-16.01.04:530][  0]LogObj: 21438 objects as part of root set at end of initial load.
[2016.01.13-16.01.04:530][  0]LogUObjectAllocator: 4218656 out of 0 bytes used by permanent object pool.
[2016.01.13-16.01.05:379][  0]LogEngine: Initializing Engine...
[2016.01.13-16.01.05:904][  0]LogInit: XAudio2 using 'Speakers (VIA High Definition Audio)' : 6 channels at 48 kHz using 32 bits per sample (channel mask 0x3f)
[2016.01.13-16.01.05:973][  0]LogInit: FAudioDevice initialized.
[2016.01.13-16.01.06:239][  0]LogAIModule: Creating AISystem for world NewWorld
[2016.01.13-16.01.06:340][  0]LogDerivedDataCache: Saved boot cache 0.02s 39MB C:/Users/macky_000/AppData/Local/UnrealEngine/4.4/DerivedDataCache/Boot.ddc.
[2016.01.13-16.01.06:347][  0]LogInit: Texture streaming: Enabled
[2016.01.13-16.01.06:741][  0]LogInit: Transaction tracking system initialized
[2016.01.13-16.01.07:859][  0]LogAssetRegistry: FAssetRegistry took 0.0349 seconds to start up
[2016.01.13-16.01.09:661][  0]LogTargetPlatformManager:Display: Building Assets For Windows
[2016.01.13-16.01.09:927][  0]LogTargetPlatformManager:Display: Building Assets For Windows
[2016.01.13-16.01.10:251][  0]LogConsoleResponse:Display: 
[2016.01.13-16.01.12:313][  0]LogStats:Warning: MetaData mismatch. Did you assign a stat to two groups? New //STATGROUP_Threads//FMonitoredProcess///Thread_4e86c_0///////STATCAT_Advanced//// old //STATGROUP_Threads//FMonitoredProcess///Thread_4e7ac_0///////STATCAT_Advanced////
[2016.01.13-16.01.12:313][  0]LogStats:Warning: MetaData mismatch. Did you assign a stat to two groups? New //STATGROUP_Threads//FMonitoredProcess///Thread_4e8d0_0///////STATCAT_Advanced//// old //STATGROUP_Threads//FMonitoredProcess///Thread_4e7ac_0///////STATCAT_Advanced////
[2016.01.13-16.01.12:313][  0]SourceControl: Info Source control is disabled
[2016.01.13-16.01.12:375][  0]Cmd: MAP LOAD FILE="C:/Users/macky_000/Documents/ThisIsIt/MyProject/Content/Maps/Minimal_Default.umap" TEMPLATE=0 SHOWPROGRESS=1
[2016.01.13-16.01.12:376][  0]LightingResults: New page: Lighting Build
[2016.01.13-16.01.12:432][  0]MapCheck: New page: Map Check
[2016.01.13-16.01.12:432][  0]LightingResults: New page: Lighting Build
[2016.01.13-16.01.12:624][  0]LogParticles: Destroying 0 GPU particle simulations for FXSystem 0x000000D55ACC4360
[2016.01.13-16.01.14:454][  0]LogEditorServer: Finished looking for orphan Actors (0.000 secs)
[2016.01.13-16.01.14:480][  0]LogAIModule: Creating AISystem for world Minimal_Default
[2016.01.13-16.01.14:512][  0]Cmd: MAP CHECKDEP
[2016.01.13-16.01.14:512][  0]MapCheck: New page: Minimal_Default - Jan 13, 2016, 6:01:14 AM
[2016.01.13-16.01.14:563][  0]MapCheck: Info ========== Map Check: 0 Error(s), 0 Warning(s), [51.049ms] ==========
[2016.01.13-16.01.14:563][  0]LogFileHelpers: Loading map 'Minimal_Default' took 2.209
[2016.01.13-16.01.15:388][  0]LogCollectionManager: Loaded 0 collections in 0.000939 seconds
[2016.01.13-16.01.15:473][  0]LogContentBrowser:Verbose: The content browser source was changed by the sources view to '/Game'
[2016.01.13-16.01.15:860][  0]LogCrashTracker: Crashtracker disabled due to settings.
[2016.01.13-16.01.16:049][  0]LogLoad: Full Startup: 45.37 seconds (BP compile: 0.45 seconds)
[2016.01.13-16.01.16:951][  0]LogRenderer:Warning: Reallocating scene render targets to support 1136x896.
[2016.01.13-16.01.17:386][  3]LogAssetRegistry: Asset discovery search completed in 9.5615 seconds
[2016.01.13-16.01.24:946][252]Cmd: BRUSH ADD SELECTNEWBRUSH
[2016.01.13-16.01.26:678][302]LogEditorViewport: Clicking on Actor (LMB): BP_Sky_Sphere_C (BP_Sky_Sphere)
[2016.01.13-16.01.27:453][320]Cmd: OBJ SAVEPACKAGE PACKAGE="/Game/Maps/Minimal_Default" FILE="C:/Users/macky_000/Documents/ThisIsIt/MyProject/Content/Maps/Minimal_Default.umap" SILENT=true AUTOSAVING=false KEEPDIRTY=false
[2016.01.13-16.01.27:764][320]LogSavePackage: Save=265.625702ms
[2016.01.13-16.01.27:764][320]LogSavePackage: Moving 'C:/Users/macky_000/Documents/ThisIsIt/MyProject/Saved/Minimal_Default6FCAB72E4AB5719815F32BB3BF14ECB0.tmp' to 'C:/Users/macky_000/Documents/ThisIsIt/MyProject/Content/Maps/Minimal_Default.umap'
[2016.01.13-16.01.27:790][320]LogFileHelpers: Saving map 'Minimal_Default' took 0.397
[2016.01.13-16.01.28:713][357]LogEditorViewport: Clicking on Actor (LMB): BP_Sky_Sphere_C (BP_Sky_Sphere)
[2016.01.13-16.01.31:258][436]Cmd: QUIT_EDITOR
[2016.01.13-16.01.31:390][436]LogWindowsTextInputMethodSystem:Error: Terminating failed while unadvising the language notification sink from the TSF source.
[2016.01.13-16.01.31:415][436]LogExit: Preparing to exit.
[2016.01.13-16.01.31:892][436]LogExit: Editor shut down
[2016.01.13-16.01.31:892][436]LogExit: Transaction tracking system shut down
[2016.01.13-16.01.31:893][436]LogParticles: Destroying 0 GPU particle simulations for FXSystem 0x000000D554B4BF60
[2016.01.13-16.01.32:083][436]LogExit: Object subsystem successfully closed.
[2016.01.13-16.01.32:278][436]LogModuleManager: Shutting down and abandoning module AndroidDeviceDetection (161)
[2016.01.13-16.01.32:278][436]LogModuleManager: Shutting down and abandoning module HTTP (160)
[2016.01.13-16.01.32:278][436]LogModuleManager: Shutting down and abandoning module CrashTracker (159)
[2016.01.13-16.01.32:278][436]LogModuleManager: Shutting down and abandoning module SuperSearch (158)
[2016.01.13-16.01.32:287][436]LogModuleManager: Shutting down and abandoning module SceneOutliner (157)
[2016.01.13-16.01.32:287][436]LogModuleManager: Shutting down and abandoning module EditorWidgets (156)
[2016.01.13-16.01.32:287][436]LogModuleManager: Shutting down and abandoning module CollectionManager (155)
[2016.01.13-16.01.32:294][436]LogModuleManager: Shutting down and abandoning module StatsViewer (154)
[2016.01.13-16.01.32:308][436]LogModuleManager: Shutting down and abandoning module FoliageEdit (153)
[2016.01.13-16.01.32:308][436]LogModuleManager: Shutting down and abandoning module LandscapeEditor (152)
[2016.01.13-16.01.32:317][436]LogModuleManager: Shutting down and abandoning module MeshPaint (151)
[2016.01.13-16.01.32:317][436]LogModuleManager: Shutting down and abandoning module ActorPickerMode (150)
[2016.01.13-16.01.32:317][436]LogModuleManager: Shutting down and abandoning module GeometryMode (149)
[2016.01.13-16.01.32:317][436]LogModuleManager: Shutting down and abandoning module TextureAlignMode (148)
[2016.01.13-16.01.32:317][436]LogModuleManager: Shutting down and abandoning module BspMode (147)
[2016.01.13-16.01.32:317][436]LogModuleManager: Shutting down and abandoning module PlacementMode (146)
[2016.01.13-16.01.32:317][436]LogModuleManager: Shutting down and abandoning module AutomationWorker (145)
[2016.01.13-16.01.32:317][436]LogModuleManager: Shutting down and abandoning module EditorLiveStreaming (144)
[2016.01.13-16.01.32:317][436]LogModuleManager: Shutting down and abandoning module BehaviorTreeEditor (143)
[2016.01.13-16.01.32:335][436]LogModuleManager: Shutting down and abandoning module DeviceProfileEditor (142)
[2016.01.13-16.01.32:335][436]LogModuleManager: Shutting down and abandoning module UndoHistory (141)
[2016.01.13-16.01.32:335][436]LogModuleManager: Shutting down and abandoning module GameplayTagsEditor (140)
[2016.01.13-16.01.32:335][436]LogModuleManager: Shutting down and abandoning module UserFeedback (139)
[2016.01.13-16.01.32:335][436]LogModuleManager: Shutting down and abandoning module XmlParser (138)
[2016.01.13-16.01.32:335][436]LogModuleManager: Shutting down and abandoning module Blutility (137)
[2016.01.13-16.01.32:335][436]LogModuleManager: Shutting down and abandoning module IOSPlatformEditor (136)
[2016.01.13-16.01.32:335][436]LogModuleManager: Shutting down and abandoning module IOSRuntimeSettings (135)
[2016.01.13-16.01.32:335][436]LogModuleManager: Shutting down and abandoning module AndroidPlatformEditor (134)
[2016.01.13-16.01.32:335][436]LogModuleManager: Shutting down and abandoning module AndroidRuntimeSettings (133)
[2016.01.13-16.01.32:335][436]LogModuleManager: Shutting down and abandoning module ProjectTargetPlatformEditor (132)
[2016.01.13-16.01.32:345][436]LogModuleManager: Shutting down and abandoning module ProjectSettingsViewer (131)
[2016.01.13-16.01.32:345][436]LogModuleManager: Shutting down and abandoning module InputBindingEditor (130)
[2016.01.13-16.01.32:345][436]LogModuleManager: Shutting down and abandoning module EditorSettingsViewer (129)
[2016.01.13-16.01.32:345][436]LogModuleManager: Shutting down and abandoning module SettingsEditor (128)
[2016.01.13-16.01.32:356][436]LogModuleManager: Shutting down and abandoning module SessionLauncher (127)
[2016.01.13-16.01.32:356][436]LogModuleManager: Shutting down and abandoning module SessionFrontend (126)
[2016.01.13-16.01.32:356][436]LogModuleManager: Shutting down and abandoning module ProfilerClient (125)
[2016.01.13-16.01.32:363][436]LogModuleManager: Shutting down and abandoning module TargetDeviceServices (124)
[2016.01.13-16.01.32:363][436]LogModuleManager: Shutting down and abandoning module DeviceManager (123)
[2016.01.13-16.01.32:363][436]LogModuleManager: Shutting down and abandoning module AutomationController (122)
[2016.01.13-16.01.32:363][436]LogModuleManager: Shutting down and abandoning module AutomationWindow (121)
[2016.01.13-16.01.32:381][436]LogModuleManager: Shutting down and abandoning module Layers (120)
[2016.01.13-16.01.32:382][436]LogModuleManager: Shutting down and abandoning module ComponentVisualizers (119)
[2016.01.13-16.01.32:382][436]LogModuleManager: Shutting down and abandoning module DetailCustomizations (118)
[2016.01.13-16.01.32:382][436]LogModuleManager: Shutting down and abandoning module PackagesDialog (117)
[2016.01.13-16.01.32:382][436]LogModuleManager: Shutting down and abandoning module DirectoryWatcher (116)
[2016.01.13-16.01.32:382][436]LogModuleManager: Shutting down and abandoning module AssetRegistry (115)
[2016.01.13-16.01.32:429][436]LogModuleManager: Shutting down and abandoning module Persona (114)
[2016.01.13-16.01.32:443][436]LogModuleManager: Shutting down and abandoning module GraphEditor (113)
[2016.01.13-16.01.32:454][436]LogModuleManager: Shutting down and abandoning module ClassViewer (112)
[2016.01.13-16.01.32:454][436]LogModuleManager: Shutting down and abandoning module Toolbox (111)
[2016.01.13-16.01.32:454][436]LogModuleManager: Shutting down and abandoning module ModuleUI (110)
[2016.01.13-16.01.32:465][436]LogModuleManager: Shutting down and abandoning module Sequencer (109)
[2016.01.13-16.01.32:471][436]LogModuleManager: Shutting down and abandoning module MovieSceneTools (108)
[2016.01.13-16.01.32:478][436]LogModuleManager: Shutting down and abandoning module OutputLog (107)
[2016.01.13-16.01.32:478][436]LogModuleManager: Shutting down and abandoning module GammaUI (106)
[2016.01.13-16.01.32:489][436]LogModuleManager: Shutting down and abandoning module Documentation (105)
[2016.01.13-16.01.32:490][436]LogModuleManager: Shutting down and abandoning module GameLiveStreaming (104)
[2016.01.13-16.01.32:490][436]LogModuleManager: Shutting down and abandoning module DesktopPlatform (103)
[2016.01.13-16.01.32:499][436]LogModuleManager: Shutting down and abandoning module StreamingPauseRendering (102)
[2016.01.13-16.01.32:499][436]LogModuleManager: Shutting down and abandoning module AnalyticsET (101)
[2016.01.13-16.01.32:499][436]LogModuleManager: Shutting down and abandoning module Analytics (100)
[2016.01.13-16.01.32:499][436]LogModuleManager: Shutting down and abandoning module GameplayDebugger (99)
[2016.01.13-16.01.32:499][436]LogModuleManager: Shutting down and abandoning module AIModule (98)
[2016.01.13-16.01.32:499][436]LogModuleManager: Shutting down and abandoning module ProfilerService (97)
[2016.01.13-16.01.32:604][436]LogModuleManager: Shutting down and abandoning module TaskGraph (96)
[2016.01.13-16.01.32:612][436]LogModuleManager: Shutting down and abandoning module SlateRemote (95)
[2016.01.13-16.01.32:612][436]LogModuleManager: Shutting down and abandoning module ScriptEditorPlugin (94)
[2016.01.13-16.01.32:612][436]LogModuleManager: Shutting down and abandoning module CustomMeshComponent (93)
[2016.01.13-16.01.32:612][436]LogModuleManager: Shutting down and abandoning module CableComponent (92)
[2016.01.13-16.01.32:612][436]LogModuleManager: Shutting down and abandoning module MessagingDebugger (91)
[2016.01.13-16.01.32:622][436]LogModuleManager: Shutting down and abandoning module ViewportSnapping (90)
[2016.01.13-16.01.32:622][436]LogModuleManager: Shutting down and abandoning module SmartSnapping (89)
[2016.01.13-16.01.32:622][436]LogModuleManager: Shutting down and abandoning module PaperTiledImporter (88)
[2016.01.13-16.01.32:622][436]LogModuleManager: Shutting down and abandoning module PaperJsonImporter (87)
[2016.01.13-16.01.32:622][436]LogModuleManager: Shutting down and abandoning module GameProjectGeneration (86)
[2016.01.13-16.01.32:622][436]LogModuleManager: Shutting down and abandoning module Matinee (85)
[2016.01.13-16.01.32:631][436]LogModuleManager: Shutting down and abandoning module Kismet (84)
[2016.01.13-16.01.32:640][436]LogModuleManager: Shutting down and abandoning module SlateReflector (83)
[2016.01.13-16.01.32:640][436]LogModuleManager: Shutting down and abandoning module LevelEditor (82)
[2016.01.13-16.01.32:641][436]LogModuleManager: Shutting down and abandoning module IntroTutorials (81)
[2016.01.13-16.01.32:641][436]LogModuleManager: Shutting down and abandoning module ContentBrowser (80)
[2016.01.13-16.01.32:641][436]LogModuleManager: Shutting down and abandoning module PropertyEditor (79)
[2016.01.13-16.01.32:641][436]LogModuleManager: Shutting down and abandoning module AssetTools (78)
[2016.01.13-16.01.32:655][436]LogModuleManager: Shutting down and abandoning module Paper2DEditor (77)
[2016.01.13-16.01.32:659][436]LogModuleManager: Shutting down and abandoning module SpeedTreeImporter (76)
[2016.01.13-16.01.32:659][436]LogModuleManager: Shutting down and abandoning module PluginsEditor (75)
[2016.01.13-16.01.32:659][436]LogModuleManager: Shutting down and abandoning module MainFrame (74)
[2016.01.13-16.01.32:659][436]LogModuleManager: Shutting down and abandoning module EpicSurvey (73)
[2016.01.13-16.01.32:659][436]LogModuleManager: Shutting down and abandoning module VisualStudioSourceCodeAccess (72)
[2016.01.13-16.01.32:659][436]LogModuleManager: Shutting down and abandoning module UObjectPlugin (71)
[2016.01.13-16.01.32:659][436]LogModuleManager: Shutting down and abandoning module SubversionSourceControl (70)
[2016.01.13-16.01.32:659][436]LogModuleManager: Shutting down and abandoning module SourceControl (69)
[2016.01.13-16.01.32:659][436]LogModuleManager: Shutting down and abandoning module PerforceSourceControl (68)
[2016.01.13-16.01.32:666][436]LogModuleManager: Shutting down and abandoning module BlankPlugin (67)
[2016.01.13-16.01.32:666][436]LogModuleManager: Shutting down and abandoning module ScriptPlugin (66)
[2016.01.13-16.01.32:669][436]LogModuleManager: Shutting down and abandoning module UdpMessaging (65)
[2016.01.13-16.01.32:771][436]LogModuleManager: Shutting down and abandoning module Paper2D (64)
[2016.01.13-16.01.32:771][436]LogModuleManager: Shutting down and abandoning module WindowsMoviePlayer (63)
[2016.01.13-16.01.32:774][436]LogModuleManager: Shutting down and abandoning module ImageWrapper (62)
[2016.01.13-16.01.32:774][436]LogModuleManager: Shutting down and abandoning module OnlineBlueprintSupport (61)
[2016.01.13-16.01.32:774][436]LogModuleManager: Shutting down and abandoning module FunctionalTesting (60)
[2016.01.13-16.01.32:774][436]LogModuleManager: Shutting down and abandoning module CollisionAnalyzer (59)
[2016.01.13-16.01.32:783][436]LogModuleManager: Shutting down and abandoning module WorkspaceMenuStructure (58)
[2016.01.13-16.01.32:783][436]LogModuleManager: Shutting down and abandoning module MessageLog (57)
[2016.01.13-16.01.32:783][436]LogModuleManager: Shutting down and abandoning module UMGEditor (56)
[2016.01.13-16.01.32:801][436]LogModuleManager: Shutting down and abandoning module UMG (55)
[2016.01.13-16.01.32:807][436]LogModuleManager: Shutting down and abandoning module Slate (54)
[2016.01.13-16.01.32:807][436]LogModuleManager: Shutting down and abandoning module EditorStyle (53)
[2016.01.13-16.01.32:808][436]LogModuleManager: Shutting down and abandoning module SessionServices (52)
[2016.01.13-16.01.32:808][436]LogModuleManager: Shutting down and abandoning module SourceCodeAccess (51)
[2016.01.13-16.01.32:808][436]LogModuleManager: Shutting down and abandoning module HeadMountedDisplay (50)
[2016.01.13-16.01.32:808][436]LogModuleManager: Shutting down and abandoning module XAudio2 (49)
[2016.01.13-16.01.32:808][436]LogModuleManager: Shutting down and abandoning module Networking (47)
[2016.01.13-16.01.32:808][436]LogModuleManager: Shutting down and abandoning module Core (46)
[2016.01.13-16.01.32:808][436]LogModuleManager: Shutting down and abandoning module KismetCompiler (45)
[2016.01.13-16.01.32:808][436]LogModuleManager: Shutting down and abandoning module PhysXFormats (44)
[2016.01.13-16.01.32:808][436]LogModuleManager: Shutting down and abandoning module MeshUtilities (43)
[2016.01.13-16.01.32:819][436]LogModuleManager: Shutting down and abandoning module DerivedDataCache (42)
[2016.01.13-16.01.32:875][436]LogDerivedDataCache: Shutdown
[2016.01.13-16.01.32:875][436]LogModuleManager: Shutting down and abandoning module ShaderFormatOpenGL (41)
[2016.01.13-16.01.32:879][436]LogModuleManager: Shutting down and abandoning module ShaderFormatD3D (40)
[2016.01.13-16.01.32:879][436]LogModuleManager: Shutting down and abandoning module MetalShaderFormat (39)
[2016.01.13-16.01.32:890][436]LogModuleManager: Shutting down and abandoning module TextureFormatUncompressed (38)
[2016.01.13-16.01.32:890][436]LogModuleManager: Shutting down and abandoning module TextureFormatPVR (37)
[2016.01.13-16.01.32:890][436]LogModuleManager: Shutting down and abandoning module TextureFormatDXT (36)
[2016.01.13-16.01.32:890][436]LogModuleManager: Shutting down and abandoning module TextureFormatAndroid (35)
[2016.01.13-16.01.32:890][436]LogModuleManager: Shutting down and abandoning module AudioFormatOpus (34)
[2016.01.13-16.01.32:890][436]LogModuleManager: Shutting down and abandoning module AudioFormatOgg (33)
[2016.01.13-16.01.32:890][436]LogModuleManager: Shutting down and abandoning module AudioFormatADPCM (32)
[2016.01.13-16.01.32:890][436]LogModuleManager: Shutting down and abandoning module Messaging (31)
[2016.01.13-16.01.32:890][436]LogModuleManager: Shutting down and abandoning module IOSTargetPlatform (30)
[2016.01.13-16.01.32:890][436]LogModuleManager: Shutting down and abandoning module Android_PVRTCTargetPlatform (29)
[2016.01.13-16.01.32:890][436]LogModuleManager: Shutting down and abandoning module Android_ETC2TargetPlatform (28)
[2016.01.13-16.01.32:890][436]LogModuleManager: Shutting down and abandoning module Android_ETC1TargetPlatform (27)
[2016.01.13-16.01.32:890][436]LogModuleManager: Shutting down and abandoning module Android_DXTTargetPlatform (26)
[2016.01.13-16.01.32:890][436]LogModuleManager: Shutting down and abandoning module Android_ATCTargetPlatform (25)
[2016.01.13-16.01.32:890][436]LogModuleManager: Shutting down and abandoning module AndroidTargetPlatform (24)
[2016.01.13-16.01.32:890][436]LogModuleManager: Shutting down and abandoning module WindowsTargetPlatform (23)
[2016.01.13-16.01.32:890][436]LogModuleManager: Shutting down and abandoning module WindowsServerTargetPlatform (22)
[2016.01.13-16.01.32:890][436]LogModuleManager: Shutting down and abandoning module WindowsNoEditorTargetPlatform (21)
[2016.01.13-16.01.32:890][436]LogModuleManager: Shutting down and abandoning module WindowsClientTargetPlatform (20)
[2016.01.13-16.01.32:890][436]LogModuleManager: Shutting down and abandoning module TargetPlatform (19)
[2016.01.13-16.01.32:890][436]LogModuleManager: Shutting down and abandoning module InputCore (18)
[2016.01.13-16.01.32:890][436]LogModuleManager: Shutting down and abandoning module Settings (17)
[2016.01.13-16.01.32:890][436]LogModuleManager: Shutting down and abandoning module ExampleDeviceProfileSelector (14)
[2016.01.13-16.01.32:890][436]LogModuleManager: Shutting down and abandoning module OculusRift (13)
[2016.01.13-16.01.32:890][436]LogModuleManager: Shutting down and abandoning module TextureCompressor (12)
[2016.01.13-16.01.32:890][436]LogModuleManager: Shutting down and abandoning module ShaderCore (11)
[2016.01.13-16.01.32:890][436]LogModuleManager: Shutting down and abandoning module OpenGLDrv (10)
[2016.01.13-16.01.32:890][436]LogModuleManager: Shutting down and abandoning module D3D11RHI (9)
[2016.01.13-16.01.32:890][436]LogModuleManager: Shutting down and abandoning module SlateRHIRenderer (8)
[2016.01.13-16.01.32:890][436]LogModuleManager: Shutting down and abandoning module Renderer (7)
[2016.01.13-16.01.32:890][436]LogModuleManager: Shutting down and abandoning module Engine (6)
[2016.01.13-16.01.32:890][436]LogModuleManager: Shutting down and abandoning module CoreUObject (5)
[2016.01.13-16.01.32:890][436]LogModuleManager: Shutting down and abandoning module NetworkFile (4)
[2016.01.13-16.01.32:897][436]LogModuleManager: Shutting down and abandoning module StreamingFile (3)
[2016.01.13-16.01.32:897][436]LogModuleManager: Shutting down and abandoning module SandboxFile (2)
[2016.01.13-16.01.32:900][436]LogModuleManager: Shutting down and abandoning module PakFile (1)
[2016.01.13-16.01.32:909][436]LogExit: Exiting.
[2016.01.13-16.01.32:918][436]Log file closed, 01/13/16 11:01:32
