Log file open, 09/09/14 16:49:10
LogInit:Display: Running engine for game: MyProject
LogInit: Version: 4.4.1-2270799+++depot+UE4-Releases+4.4
LogInit: API Version: 2255576
LogInit: Compiled (64-bit): Aug 25 2014 14:19:12
LogInit: Build Configuration: Development
LogInit: Branch Name: ++depot+UE4-Releases+4.4
LogInit: Command line: 
LogInit: Base directory: F:/Unreal Engine/4.4/Engine/Binaries/Win64/
LogInit: Rocket: 1
[2014.09.09-20.49.10:451][  0]LogTaskGraph: Started task graph with 3 named threads and 4 total threads.
[2014.09.09-20.49.10:478][  0]LogOnline:Warning: No default platform service specified for OnlineSubsystem
[2014.09.09-20.49.10:483][  0]LogInit: Presizing for 0 objects not considered by GC, pre-allocating 0 bytes.
[2014.09.09-20.49.10:489][  0]LogInit: Object subsystem initialized
[2014.09.09-20.49.10:491][  0]LogInit: Selected Device Profile: [Windows]
[2014.09.09-20.49.10:491][  0]LogInit: Applying CVar settings loaded from the selected device profile: [Windows]
[2014.09.09-20.49.10:494][  0]LogInit: Computer: MACKENZIE
[2014.09.09-20.49.10:494][  0]LogInit: User: macky000
[2014.09.09-20.49.10:495][  0]LogInit: CPU Page size=4096, Cores=4
[2014.09.09-20.49.10:495][  0]LogInit: High frequency timer resolution =2.338440 MHz
[2014.09.09-20.49.10:495][  0]LogMemory: Memory total: Physical=12.0GB (12GB approx) Virtual=131072.0GB
[2014.09.09-20.49.10:495][  0]LogMemory: Platform Memory Stats for Windows
[2014.09.09-20.49.10:495][  0]LogMemory: Process Physical Memory: 58.52 MB used, 58.65 MB peak
[2014.09.09-20.49.10:495][  0]LogMemory: Process Virtual Memory: 35.97 MB used, 36.12 MB peak
[2014.09.09-20.49.10:495][  0]LogMemory: Physical Memory: 4349.73 MB used, 12240.98 MB total
[2014.09.09-20.49.10:495][  0]LogMemory: Virtual Memory: 265.90 MB used, 134217728.00 MB total
[2014.09.09-20.49.10:515][  0]LogD3D11RHI: Found D3D11 adapter 0: NVIDIA GeForce GTX 660M (Feature Level 11_0)
[2014.09.09-20.49.10:515][  0]LogD3D11RHI: Adapter has 1985MB of dedicated video memory, 0MB of dedicated system memory, and 2048MB of shared system memory, 1 output[s]
[2014.09.09-20.49.10:516][  0]LogD3D11RHI: Found D3D11 adapter 1: Microsoft Basic Render Driver (Feature Level 11_0)
[2014.09.09-20.49.10:516][  0]LogD3D11RHI: Adapter has 0MB of dedicated video memory, 0MB of dedicated system memory, and 256MB of shared system memory, 0 output[s]
[2014.09.09-20.49.10:516][  0]LogD3D11RHI: Chosen D3D11 Adapter Id = 0
[2014.09.09-20.49.10:521][  0]LogRHI: Texture pool is 1361 MB (70% of 1945 MB)
[2014.09.09-20.49.10:528][  0]LogD3D11RHI: Async texture creation enabled
[2014.09.09-20.49.10:632][  0]LogContentStreaming: Texture pool size is 0.000000MB
[2014.09.09-20.49.11:876][  0]LogTargetPlatformManager:Display: Building Assets For Windows
[2014.09.09-20.49.12:173][  0]LogTargetPlatformManager:Display: Building Assets For Windows
[2014.09.09-20.49.12:200][  0]LogDerivedDataCache:Display: Max Cache Size: 512 MB
[2014.09.09-20.49.12:235][  0]LogDerivedDataCache: Loaded boot cache 0.04s 39MB C:/Users/macky_000/AppData/Local/UnrealEngine/4.4/DerivedDataCache/Boot.ddc.
[2014.09.09-20.49.12:235][  0]LogDerivedDataCache:Display: Loaded Boot cache: C:/Users/macky_000/AppData/Local/UnrealEngine/4.4/DerivedDataCache/Boot.ddc
[2014.09.09-20.49.12:235][  0]LogDerivedDataCache: FDerivedDataBackendGraph:  Pak pak cache file C:/Users/macky_000/Documents/Unreal Projects/MyProject/DerivedDataCache/DDC.ddp not found, will not use a pak cache.
[2014.09.09-20.49.12:235][  0]LogDerivedDataCache: Unable to find inner node Pak for hierarchical cache Hierarchy.
[2014.09.09-20.49.12:251][  0]LogDerivedDataCache:Display: Pak cache opened for reading ../../../Engine/DerivedDataCache/DDC.ddp.
[2014.09.09-20.49.12:399][  0]LogDerivedDataCache: Using Local data cache path C:/Users/macky_000/AppData/Local/UnrealEngine/4.4/DerivedDataCache: Writable
[2014.09.09-20.49.12:522][  0]LogMeshUtilities: No automatic mesh reduction module available
[2014.09.09-20.49.12:522][  0]LogMeshUtilities: No automatic mesh merging module available
[2014.09.09-20.49.12:812][  0]LogInit: WinSock: version 1.1 (2.2), MaxSocks=32767, MaxUdp=65467
[2014.09.09-20.49.13:399][  0]LogStats:Warning: MetaData mismatch. Did you assign a stat to two groups? New //STATGROUP_Threads//FMonitoredProcess///Thread_1530_0///////STATCAT_Advanced//// old //STATGROUP_Threads//FMonitoredProcess///Thread_1ba8_0///////STATCAT_Advanced////
[2014.09.09-20.49.13:399][  0]UdpMessaging: Initializing bridge on interface 0.0.0.0:0 to multicast group 230.0.0.1:6666.
[2014.09.09-20.49.13:482][  0]SourceControl: Info Source control is disabled
[2014.09.09-20.49.13:482][  0]SourceControl: Info Source control is disabled
[2014.09.09-20.49.13:485][  0]SourceControl: Info Source control is disabled
[2014.09.09-20.49.13:594][  0]BlueprintLog: New page: Editor Load
[2014.09.09-20.49.13:649][  0]LogObj: 21438 objects as part of root set at end of initial load.
[2014.09.09-20.49.13:649][  0]LogUObjectAllocator: 4218648 out of 0 bytes used by permanent object pool.
[2014.09.09-20.49.13:830][  0]LogEngine: Initializing Engine...
[2014.09.09-20.49.13:913][  0]LogInit: XAudio2 using 'Speakers (VIA High Definition Audio)' : 6 channels at 48 kHz using 32 bits per sample (channel mask 0x3f)
[2014.09.09-20.49.13:941][  0]LogInit: FAudioDevice initialized.
[2014.09.09-20.49.13:950][  0]LogAIModule: Creating AISystem for world NewWorld
[2014.09.09-20.49.13:970][  0]LogDerivedDataCache: Saved boot cache 0.02s 39MB C:/Users/macky_000/AppData/Local/UnrealEngine/4.4/DerivedDataCache/Boot.ddc.
[2014.09.09-20.49.13:973][  0]LogInit: Texture streaming: Enabled
[2014.09.09-20.49.13:991][  0]LogInit: Transaction tracking system initialized
[2014.09.09-20.49.14:055][  0]LogAssetRegistry: FAssetRegistry took 0.0105 seconds to start up
[2014.09.09-20.49.14:385][  0]LogTargetPlatformManager:Display: Building Assets For Windows
[2014.09.09-20.49.14:667][  0]LogTargetPlatformManager:Display: Building Assets For Windows
[2014.09.09-20.49.15:050][  0]LogConsoleResponse:Display: 
[2014.09.09-20.49.15:156][  0]LogStats:Warning: MetaData mismatch. Did you assign a stat to two groups? New //STATGROUP_Threads//FMonitoredProcess///Thread_13ac_0///////STATCAT_Advanced//// old //STATGROUP_Threads//FMonitoredProcess///Thread_1ba8_0///////STATCAT_Advanced////
[2014.09.09-20.49.15:156][  0]LogStats:Warning: MetaData mismatch. Did you assign a stat to two groups? New //STATGROUP_Threads//FMonitoredProcess///Thread_12bc_0///////STATCAT_Advanced//// old //STATGROUP_Threads//FMonitoredProcess///Thread_1ba8_0///////STATCAT_Advanced////
[2014.09.09-20.49.15:156][  0]SourceControl: Info Source control is disabled
[2014.09.09-20.49.15:156][  0]Cmd: MAP LOAD FILE="C:/Users/macky_000/Documents/Unreal Projects/MyProject/Content/Maps/Minimal_Default.umap" TEMPLATE=0 SHOWPROGRESS=1
[2014.09.09-20.49.15:156][  0]LightingResults: New page: Lighting Build
[2014.09.09-20.49.15:161][  0]MapCheck: New page: Map Check
[2014.09.09-20.49.15:161][  0]LightingResults: New page: Lighting Build
[2014.09.09-20.49.15:173][  0]LogParticles: Destroying 0 GPU particle simulations for FXSystem 0x0000007D541D5300
[2014.09.09-20.49.15:580][  0]LogEditorServer: Finished looking for orphan Actors (0.000 secs)
[2014.09.09-20.49.15:580][  0]LogAIModule: Creating AISystem for world Minimal_Default
[2014.09.09-20.49.15:591][  0]Cmd: MAP CHECKDEP
[2014.09.09-20.49.15:591][  0]MapCheck: New page: Minimal_Default - Sep 9, 2014, 12:49:15 PM
[2014.09.09-20.49.15:652][  0]MapCheck: Info ========== Map Check: 0 Error(s), 0 Warning(s), [60.592ms] ==========
[2014.09.09-20.49.15:652][  0]LogFileHelpers: Loading map 'Minimal_Default' took 0.496
[2014.09.09-20.49.15:854][  0]LogCollectionManager: Loaded 0 collections in 0.000636 seconds
[2014.09.09-20.49.16:130][  0]LogCrashTracker: Crashtracker disabled due to settings.
[2014.09.09-20.49.16:235][  0]LogLoad: Full Startup: 7.40 seconds (BP compile: 0.05 seconds)
[2014.09.09-20.49.16:634][  0]LogRenderer:Warning: Reallocating scene render targets to support 1136x896.
[2014.09.09-20.49.21:472][ 91]LogAssetRegistry: Asset discovery search completed in 7.4282 seconds
[2014.09.09-20.49.28:330][375]LogSynthBenchmark:Display: FSynthBenchmark (V0.92):
[2014.09.09-20.49.28:330][375]LogSynthBenchmark:Display: ===============
[2014.09.09-20.49.28:330][375]LogSynthBenchmark:Display: Main Processor:
[2014.09.09-20.49.28:376][375]LogSynthBenchmark:Display:          ... 0.021610 s/Run 'RayIntersect'
[2014.09.09-20.49.28:376][375]LogSynthBenchmark:Display:          ... 0.024763 s/Run 'Fractal'
[2014.09.09-20.49.28:377][375]LogSynthBenchmark:Display: 
[2014.09.09-20.49.28:377][375]LogSynthBenchmark:Display:   CompiledTarget_x_Bits: 64
[2014.09.09-20.49.28:377][375]LogSynthBenchmark:Display:   UE_BUILD_SHIPPING: 0
[2014.09.09-20.49.28:377][375]LogSynthBenchmark:Display:   UE_BUILD_TEST: 0
[2014.09.09-20.49.28:377][375]LogSynthBenchmark:Display:   UE_BUILD_DEBUG: 0
[2014.09.09-20.49.28:377][375]LogSynthBenchmark:Display:   TotalPhysicalGBRam: 12
[2014.09.09-20.49.28:377][375]LogSynthBenchmark:Display:   NumberOfCores (physical): 4
[2014.09.09-20.49.28:377][375]LogSynthBenchmark:Display:   NumberOfCores (logical): 8
[2014.09.09-20.49.28:377][375]LogSynthBenchmark:Display:   CPU Perf Index 0: 118.5
[2014.09.09-20.49.28:377][375]LogSynthBenchmark:Display:   CPU Perf Index 1: 115.5
[2014.09.09-20.49.28:377][375]LogSynthBenchmark:Display:  
[2014.09.09-20.49.28:377][375]LogSynthBenchmark:Display: Graphics:
[2014.09.09-20.49.28:377][375]LogSynthBenchmark:Display:   Adapter Name: 'NVIDIA GeForce GTX 660M'
[2014.09.09-20.49.28:377][375]LogSynthBenchmark:Display:   (On Optimus the name might be wrong, memory should be ok)
[2014.09.09-20.49.28:377][375]LogSynthBenchmark:Display:   Vendor Id: 0x10de
[2014.09.09-20.49.28:377][375]LogSynthBenchmark:Display:   GPU Memory: 1986/0/2049 MB
[2014.09.09-20.49.28:377][375]LogSynthBenchmark:Display:   CPUIndex: 118.5
[2014.09.09-20.49.28:377][375]LogSynthBenchmark:Display:   GPUIndex: -1.$
[2014.09.09-20.49.28:377][375]LogSynthBenchmark:Display: 
[2014.09.09-20.49.28:377][375]LogSynthBenchmark:Display:          ... Total Time: 0.046600 sec
[2014.09.09-20.50.23:752][642]Cmd: BRUSH ADD SELECTNEWBRUSH
[2014.09.09-20.50.48:542][680]Cmd: BRUSH SUBTRACT SELECTNEWBRUSH
[2014.09.09-20.50.53:585][892]LogEditorViewport: Clicking on Actor (context menu): BP_Sky_Sphere_C (BP_Sky_Sphere)
[2014.09.09-20.50.55:791][999]LogEditorViewport: Clicking on Actor (LMB): BP_Sky_Sphere_C (BP_Sky_Sphere)
[2014.09.09-20.51.09:514][575]LogEditorViewport: Clicking on Actor (LMB): BP_Sky_Sphere_C (BP_Sky_Sphere)
[2014.09.09-20.51.17:078][784]Cmd: QUIT_EDITOR
[2014.09.09-20.51.17:197][784]LogWindowsTextInputMethodSystem:Error: Terminating failed while unadvising the language notification sink from the TSF source.
[2014.09.09-20.51.17:197][784]LogExit: Preparing to exit.
[2014.09.09-20.51.17:556][784]LogExit: Editor shut down
[2014.09.09-20.51.17:556][784]LogExit: Transaction tracking system shut down
[2014.09.09-20.51.17:556][784]LogParticles: Destroying 0 GPU particle simulations for FXSystem 0x0000007D54475620
[2014.09.09-20.51.17:572][784]LogExit: Object subsystem successfully closed.
[2014.09.09-20.51.17:590][784]LogModuleManager: Shutting down and abandoning module SynthBenchmark (162)
[2014.09.09-20.51.17:590][784]LogModuleManager: Shutting down and abandoning module AndroidDeviceDetection (161)
[2014.09.09-20.51.17:590][784]LogModuleManager: Shutting down and abandoning module HTTP (160)
[2014.09.09-20.51.17:590][784]LogModuleManager: Shutting down and abandoning module CrashTracker (159)
[2014.09.09-20.51.17:590][784]LogModuleManager: Shutting down and abandoning module SuperSearch (158)
[2014.09.09-20.51.17:620][784]LogModuleManager: Shutting down and abandoning module SceneOutliner (157)
[2014.09.09-20.51.17:621][784]LogModuleManager: Shutting down and abandoning module EditorWidgets (156)
[2014.09.09-20.51.17:621][784]LogModuleManager: Shutting down and abandoning module CollectionManager (155)
[2014.09.09-20.51.17:625][784]LogModuleManager: Shutting down and abandoning module StatsViewer (154)
[2014.09.09-20.51.17:625][784]LogModuleManager: Shutting down and abandoning module FoliageEdit (153)
[2014.09.09-20.51.17:625][784]LogModuleManager: Shutting down and abandoning module LandscapeEditor (152)
[2014.09.09-20.51.17:625][784]LogModuleManager: Shutting down and abandoning module MeshPaint (151)
[2014.09.09-20.51.17:625][784]LogModuleManager: Shutting down and abandoning module ActorPickerMode (150)
[2014.09.09-20.51.17:625][784]LogModuleManager: Shutting down and abandoning module GeometryMode (149)
[2014.09.09-20.51.17:625][784]LogModuleManager: Shutting down and abandoning module TextureAlignMode (148)
[2014.09.09-20.51.17:625][784]LogModuleManager: Shutting down and abandoning module BspMode (147)
[2014.09.09-20.51.17:625][784]LogModuleManager: Shutting down and abandoning module PlacementMode (146)
[2014.09.09-20.51.17:625][784]LogModuleManager: Shutting down and abandoning module DesktopPlatform (145)
[2014.09.09-20.51.17:625][784]LogModuleManager: Shutting down and abandoning module AutomationWorker (144)
[2014.09.09-20.51.17:625][784]LogModuleManager: Shutting down and abandoning module EditorLiveStreaming (143)
[2014.09.09-20.51.17:625][784]LogModuleManager: Shutting down and abandoning module BehaviorTreeEditor (142)
[2014.09.09-20.51.17:625][784]LogModuleManager: Shutting down and abandoning module DeviceProfileEditor (141)
[2014.09.09-20.51.17:625][784]LogModuleManager: Shutting down and abandoning module UndoHistory (140)
[2014.09.09-20.51.17:625][784]LogModuleManager: Shutting down and abandoning module GameplayTagsEditor (139)
[2014.09.09-20.51.17:625][784]LogModuleManager: Shutting down and abandoning module UserFeedback (138)
[2014.09.09-20.51.17:625][784]LogModuleManager: Shutting down and abandoning module XmlParser (137)
[2014.09.09-20.51.17:625][784]LogModuleManager: Shutting down and abandoning module Blutility (136)
[2014.09.09-20.51.17:625][784]LogModuleManager: Shutting down and abandoning module IOSPlatformEditor (135)
[2014.09.09-20.51.17:625][784]LogModuleManager: Shutting down and abandoning module IOSRuntimeSettings (134)
[2014.09.09-20.51.17:625][784]LogModuleManager: Shutting down and abandoning module AndroidPlatformEditor (133)
[2014.09.09-20.51.17:625][784]LogModuleManager: Shutting down and abandoning module AndroidRuntimeSettings (132)
[2014.09.09-20.51.17:625][784]LogModuleManager: Shutting down and abandoning module ProjectTargetPlatformEditor (131)
[2014.09.09-20.51.17:625][784]LogModuleManager: Shutting down and abandoning module ProjectSettingsViewer (130)
[2014.09.09-20.51.17:625][784]LogModuleManager: Shutting down and abandoning module InputBindingEditor (129)
[2014.09.09-20.51.17:625][784]LogModuleManager: Shutting down and abandoning module EditorSettingsViewer (128)
[2014.09.09-20.51.17:625][784]LogModuleManager: Shutting down and abandoning module SettingsEditor (127)
[2014.09.09-20.51.17:626][784]LogModuleManager: Shutting down and abandoning module SessionLauncher (126)
[2014.09.09-20.51.17:626][784]LogModuleManager: Shutting down and abandoning module SessionFrontend (125)
[2014.09.09-20.51.17:626][784]LogModuleManager: Shutting down and abandoning module ProfilerClient (124)
[2014.09.09-20.51.17:626][784]LogModuleManager: Shutting down and abandoning module TargetDeviceServices (123)
[2014.09.09-20.51.17:626][784]LogModuleManager: Shutting down and abandoning module DeviceManager (122)
[2014.09.09-20.51.17:626][784]LogModuleManager: Shutting down and abandoning module AutomationController (121)
[2014.09.09-20.51.17:626][784]LogModuleManager: Shutting down and abandoning module AutomationWindow (120)
[2014.09.09-20.51.17:626][784]LogModuleManager: Shutting down and abandoning module Layers (119)
[2014.09.09-20.51.17:626][784]LogModuleManager: Shutting down and abandoning module ComponentVisualizers (118)
[2014.09.09-20.51.17:626][784]LogModuleManager: Shutting down and abandoning module DetailCustomizations (117)
[2014.09.09-20.51.17:626][784]LogModuleManager: Shutting down and abandoning module PackagesDialog (116)
[2014.09.09-20.51.17:626][784]LogModuleManager: Shutting down and abandoning module DirectoryWatcher (115)
[2014.09.09-20.51.17:626][784]LogModuleManager: Shutting down and abandoning module AssetRegistry (114)
[2014.09.09-20.51.17:733][784]LogModuleManager: Shutting down and abandoning module Persona (113)
[2014.09.09-20.51.17:733][784]LogModuleManager: Shutting down and abandoning module GraphEditor (112)
[2014.09.09-20.51.17:733][784]LogModuleManager: Shutting down and abandoning module ClassViewer (111)
[2014.09.09-20.51.17:733][784]LogModuleManager: Shutting down and abandoning module Toolbox (110)
[2014.09.09-20.51.17:733][784]LogModuleManager: Shutting down and abandoning module ModuleUI (109)
[2014.09.09-20.51.17:733][784]LogModuleManager: Shutting down and abandoning module Sequencer (108)
[2014.09.09-20.51.17:733][784]LogModuleManager: Shutting down and abandoning module MovieSceneTools (107)
[2014.09.09-20.51.17:733][784]LogModuleManager: Shutting down and abandoning module OutputLog (106)
[2014.09.09-20.51.17:733][784]LogModuleManager: Shutting down and abandoning module GammaUI (105)
[2014.09.09-20.51.17:733][784]LogModuleManager: Shutting down and abandoning module Documentation (104)
[2014.09.09-20.51.17:734][784]LogModuleManager: Shutting down and abandoning module GameLiveStreaming (103)
[2014.09.09-20.51.17:734][784]LogModuleManager: Shutting down and abandoning module StreamingPauseRendering (102)
[2014.09.09-20.51.17:734][784]LogModuleManager: Shutting down and abandoning module AnalyticsET (101)
[2014.09.09-20.51.17:734][784]LogModuleManager: Shutting down and abandoning module Analytics (100)
[2014.09.09-20.51.17:734][784]LogModuleManager: Shutting down and abandoning module GameplayDebugger (99)
[2014.09.09-20.51.17:734][784]LogModuleManager: Shutting down and abandoning module AIModule (98)
[2014.09.09-20.51.17:734][784]LogModuleManager: Shutting down and abandoning module ProfilerService (97)
[2014.09.09-20.51.17:788][784]LogModuleManager: Shutting down and abandoning module TaskGraph (96)
[2014.09.09-20.51.17:788][784]LogModuleManager: Shutting down and abandoning module SlateRemote (95)
[2014.09.09-20.51.17:788][784]LogModuleManager: Shutting down and abandoning module ScriptEditorPlugin (94)
[2014.09.09-20.51.17:788][784]LogModuleManager: Shutting down and abandoning module CustomMeshComponent (93)
[2014.09.09-20.51.17:788][784]LogModuleManager: Shutting down and abandoning module CableComponent (92)
[2014.09.09-20.51.17:788][784]LogModuleManager: Shutting down and abandoning module MessagingDebugger (91)
[2014.09.09-20.51.17:788][784]LogModuleManager: Shutting down and abandoning module ViewportSnapping (90)
[2014.09.09-20.51.17:788][784]LogModuleManager: Shutting down and abandoning module SmartSnapping (89)
[2014.09.09-20.51.17:788][784]LogModuleManager: Shutting down and abandoning module PaperTiledImporter (88)
[2014.09.09-20.51.17:788][784]LogModuleManager: Shutting down and abandoning module PaperJsonImporter (87)
[2014.09.09-20.51.17:788][784]LogModuleManager: Shutting down and abandoning module GameProjectGeneration (86)
[2014.09.09-20.51.17:788][784]LogModuleManager: Shutting down and abandoning module Matinee (85)
[2014.09.09-20.51.17:788][784]LogModuleManager: Shutting down and abandoning module Kismet (84)
[2014.09.09-20.51.17:788][784]LogModuleManager: Shutting down and abandoning module SlateReflector (83)
[2014.09.09-20.51.17:788][784]LogModuleManager: Shutting down and abandoning module LevelEditor (82)
[2014.09.09-20.51.17:789][784]LogModuleManager: Shutting down and abandoning module IntroTutorials (81)
[2014.09.09-20.51.17:789][784]LogModuleManager: Shutting down and abandoning module ContentBrowser (80)
[2014.09.09-20.51.17:789][784]LogModuleManager: Shutting down and abandoning module PropertyEditor (79)
[2014.09.09-20.51.17:789][784]LogModuleManager: Shutting down and abandoning module AssetTools (78)
[2014.09.09-20.51.17:789][784]LogModuleManager: Shutting down and abandoning module Paper2DEditor (77)
[2014.09.09-20.51.17:789][784]LogModuleManager: Shutting down and abandoning module SpeedTreeImporter (76)
[2014.09.09-20.51.17:789][784]LogModuleManager: Shutting down and abandoning module PluginsEditor (75)
[2014.09.09-20.51.17:789][784]LogModuleManager: Shutting down and abandoning module MainFrame (74)
[2014.09.09-20.51.17:789][784]LogModuleManager: Shutting down and abandoning module EpicSurvey (73)
[2014.09.09-20.51.17:789][784]LogModuleManager: Shutting down and abandoning module VisualStudioSourceCodeAccess (72)
[2014.09.09-20.51.17:789][784]LogModuleManager: Shutting down and abandoning module UObjectPlugin (71)
[2014.09.09-20.51.17:789][784]LogModuleManager: Shutting down and abandoning module SubversionSourceControl (70)
[2014.09.09-20.51.17:789][784]LogModuleManager: Shutting down and abandoning module SourceControl (69)
[2014.09.09-20.51.17:789][784]LogModuleManager: Shutting down and abandoning module PerforceSourceControl (68)
[2014.09.09-20.51.17:789][784]LogModuleManager: Shutting down and abandoning module BlankPlugin (67)
[2014.09.09-20.51.17:789][784]LogModuleManager: Shutting down and abandoning module ScriptPlugin (66)
[2014.09.09-20.51.17:789][784]LogModuleManager: Shutting down and abandoning module UdpMessaging (65)
[2014.09.09-20.51.17:890][784]LogModuleManager: Shutting down and abandoning module Paper2D (64)
[2014.09.09-20.51.17:890][784]LogModuleManager: Shutting down and abandoning module WindowsMoviePlayer (63)
[2014.09.09-20.51.17:892][784]LogModuleManager: Shutting down and abandoning module ImageWrapper (62)
[2014.09.09-20.51.17:892][784]LogModuleManager: Shutting down and abandoning module OnlineBlueprintSupport (61)
[2014.09.09-20.51.17:892][784]LogModuleManager: Shutting down and abandoning module FunctionalTesting (60)
[2014.09.09-20.51.17:892][784]LogModuleManager: Shutting down and abandoning module CollisionAnalyzer (59)
[2014.09.09-20.51.17:892][784]LogModuleManager: Shutting down and abandoning module WorkspaceMenuStructure (58)
[2014.09.09-20.51.17:893][784]LogModuleManager: Shutting down and abandoning module MessageLog (57)
[2014.09.09-20.51.17:893][784]LogModuleManager: Shutting down and abandoning module UMGEditor (56)
[2014.09.09-20.51.17:893][784]LogModuleManager: Shutting down and abandoning module UMG (55)
[2014.09.09-20.51.17:893][784]LogModuleManager: Shutting down and abandoning module Slate (54)
[2014.09.09-20.51.17:893][784]LogModuleManager: Shutting down and abandoning module EditorStyle (53)
[2014.09.09-20.51.17:894][784]LogModuleManager: Shutting down and abandoning module SessionServices (52)
[2014.09.09-20.51.17:894][784]LogModuleManager: Shutting down and abandoning module SourceCodeAccess (51)
[2014.09.09-20.51.17:894][784]LogModuleManager: Shutting down and abandoning module HeadMountedDisplay (50)
[2014.09.09-20.51.17:894][784]LogModuleManager: Shutting down and abandoning module XAudio2 (49)
[2014.09.09-20.51.17:894][784]LogModuleManager: Shutting down and abandoning module Networking (47)
[2014.09.09-20.51.17:894][784]LogModuleManager: Shutting down and abandoning module Core (46)
[2014.09.09-20.51.17:894][784]LogModuleManager: Shutting down and abandoning module KismetCompiler (45)
[2014.09.09-20.51.17:894][784]LogModuleManager: Shutting down and abandoning module PhysXFormats (44)
[2014.09.09-20.51.17:894][784]LogModuleManager: Shutting down and abandoning module MeshUtilities (43)
[2014.09.09-20.51.17:894][784]LogModuleManager: Shutting down and abandoning module DerivedDataCache (42)
[2014.09.09-20.51.17:900][784]LogDerivedDataCache: Shutdown
[2014.09.09-20.51.17:900][784]LogModuleManager: Shutting down and abandoning module ShaderFormatOpenGL (41)
[2014.09.09-20.51.17:900][784]LogModuleManager: Shutting down and abandoning module ShaderFormatD3D (40)
[2014.09.09-20.51.17:900][784]LogModuleManager: Shutting down and abandoning module MetalShaderFormat (39)
[2014.09.09-20.51.17:900][784]LogModuleManager: Shutting down and abandoning module TextureFormatUncompressed (38)
[2014.09.09-20.51.17:900][784]LogModuleManager: Shutting down and abandoning module TextureFormatPVR (37)
[2014.09.09-20.51.17:900][784]LogModuleManager: Shutting down and abandoning module TextureFormatDXT (36)
[2014.09.09-20.51.17:900][784]LogModuleManager: Shutting down and abandoning module TextureFormatAndroid (35)
[2014.09.09-20.51.17:900][784]LogModuleManager: Shutting down and abandoning module AudioFormatOpus (34)
[2014.09.09-20.51.17:900][784]LogModuleManager: Shutting down and abandoning module AudioFormatOgg (33)
[2014.09.09-20.51.17:900][784]LogModuleManager: Shutting down and abandoning module AudioFormatADPCM (32)
[2014.09.09-20.51.17:900][784]LogModuleManager: Shutting down and abandoning module Messaging (31)
[2014.09.09-20.51.17:900][784]LogModuleManager: Shutting down and abandoning module IOSTargetPlatform (30)
[2014.09.09-20.51.17:900][784]LogModuleManager: Shutting down and abandoning module Android_PVRTCTargetPlatform (29)
[2014.09.09-20.51.17:900][784]LogModuleManager: Shutting down and abandoning module Android_ETC2TargetPlatform (28)
[2014.09.09-20.51.17:900][784]LogModuleManager: Shutting down and abandoning module Android_ETC1TargetPlatform (27)
[2014.09.09-20.51.17:900][784]LogModuleManager: Shutting down and abandoning module Android_DXTTargetPlatform (26)
[2014.09.09-20.51.17:900][784]LogModuleManager: Shutting down and abandoning module Android_ATCTargetPlatform (25)
[2014.09.09-20.51.17:900][784]LogModuleManager: Shutting down and abandoning module AndroidTargetPlatform (24)
[2014.09.09-20.51.17:900][784]LogModuleManager: Shutting down and abandoning module WindowsTargetPlatform (23)
[2014.09.09-20.51.17:900][784]LogModuleManager: Shutting down and abandoning module WindowsServerTargetPlatform (22)
[2014.09.09-20.51.17:900][784]LogModuleManager: Shutting down and abandoning module WindowsNoEditorTargetPlatform (21)
[2014.09.09-20.51.17:900][784]LogModuleManager: Shutting down and abandoning module WindowsClientTargetPlatform (20)
[2014.09.09-20.51.17:900][784]LogModuleManager: Shutting down and abandoning module TargetPlatform (19)
[2014.09.09-20.51.17:900][784]LogModuleManager: Shutting down and abandoning module InputCore (18)
[2014.09.09-20.51.17:900][784]LogModuleManager: Shutting down and abandoning module Settings (17)
[2014.09.09-20.51.17:900][784]LogModuleManager: Shutting down and abandoning module ExampleDeviceProfileSelector (14)
[2014.09.09-20.51.17:900][784]LogModuleManager: Shutting down and abandoning module OculusRift (13)
[2014.09.09-20.51.17:900][784]LogModuleManager: Shutting down and abandoning module TextureCompressor (12)
[2014.09.09-20.51.17:900][784]LogModuleManager: Shutting down and abandoning module ShaderCore (11)
[2014.09.09-20.51.17:900][784]LogModuleManager: Shutting down and abandoning module OpenGLDrv (10)
[2014.09.09-20.51.17:900][784]LogModuleManager: Shutting down and abandoning module D3D11RHI (9)
[2014.09.09-20.51.17:900][784]LogModuleManager: Shutting down and abandoning module SlateRHIRenderer (8)
[2014.09.09-20.51.17:900][784]LogModuleManager: Shutting down and abandoning module Renderer (7)
[2014.09.09-20.51.17:900][784]LogModuleManager: Shutting down and abandoning module Engine (6)
[2014.09.09-20.51.17:900][784]LogModuleManager: Shutting down and abandoning module CoreUObject (5)
[2014.09.09-20.51.17:900][784]LogModuleManager: Shutting down and abandoning module NetworkFile (4)
[2014.09.09-20.51.17:900][784]LogModuleManager: Shutting down and abandoning module StreamingFile (3)
[2014.09.09-20.51.17:900][784]LogModuleManager: Shutting down and abandoning module SandboxFile (2)
[2014.09.09-20.51.17:900][784]LogModuleManager: Shutting down and abandoning module PakFile (1)
[2014.09.09-20.51.17:900][784]LogExit: Exiting.
[2014.09.09-20.51.17:905][784]Log file closed, 09/09/14 16:51:17
